2024-11-12 08:06:11,498 INFO  [org.jboss.modules] (main) JBoss Modules version 2.1.5.Final
2024-11-12 08:06:11,782 INFO  [org.jboss.msc] (main) JBoss MSC version 1.5.5.Final
2024-11-12 08:06:11,786 INFO  [org.jboss.threads] (main) JBoss Threads version 2.4.0.Final
2024-11-12 08:06:11,842 INFO  [org.jboss.as] (MSC service thread 1-3) WFLYSRV0049: WildFly 33.0.0.Final (WildFly Core 25.0.0.Final) starting
2024-11-12 08:06:11,843 DEBUG [org.jboss.as.config] (MSC service thread 1-3) Configured system properties:
	[Standalone] = 
	debugger.agent.enable.coroutines = true
	file.encoding = UTF-8
	file.separator = /
	intellij.debug.agent = true
	java.class.path = /opt/wildfly/jboss-modules.jar
	java.class.version = 65.0
	java.home = /usr/lib/jvm/java-21-openjdk-amd64
	java.io.tmpdir = /tmp
	java.library.path = /usr/java/packages/lib:/usr/lib/x86_64-linux-gnu/jni:/lib/x86_64-linux-gnu:/usr/lib/x86_64-linux-gnu:/usr/lib/jni:/lib:/usr/lib
	java.runtime.name = OpenJDK Runtime Environment
	java.runtime.version = 21.0.4+7-Ubuntu-1ubuntu222.04
	java.security.manager = allow
	java.specification.name = Java Platform API Specification
	java.specification.vendor = Oracle Corporation
	java.specification.version = 21
	java.util.logging.manager = org.jboss.logmanager.LogManager
	java.vendor = Ubuntu
	java.vendor.url = https://ubuntu.com/
	java.vendor.url.bug = https://bugs.launchpad.net/ubuntu/+source/openjdk-21
	java.version = 21.0.4
	java.version.date = 2024-07-16
	java.vm.compressedOopsMode = Zero based
	java.vm.info = mixed mode, sharing
	java.vm.name = OpenJDK 64-Bit Server VM
	java.vm.specification.name = Java Virtual Machine Specification
	java.vm.specification.vendor = Oracle Corporation
	java.vm.specification.version = 21
	java.vm.vendor = Ubuntu
	java.vm.version = 21.0.4+7-Ubuntu-1ubuntu222.04
	javax.management.builder.initial = org.jboss.as.jmx.PluggableMBeanServerBuilder
	jboss.home.dir = /opt/wildfly
	jboss.host.name = sebrr07549
	jboss.modules.system.pkgs = com.intellij.rt
	jboss.node.name = sebrr07549
	jboss.qualified.host.name = sebrr07549
	jboss.server.base.dir = /opt/wildfly/standalone
	jboss.server.config.dir = /opt/wildfly/standalone/configuration
	jboss.server.data.dir = /opt/wildfly/standalone/data
	jboss.server.log.dir = /opt/wildfly/standalone/log
	jboss.server.name = sebrr07549
	jboss.server.persist.config = true
	jboss.server.temp.dir = /opt/wildfly/standalone/tmp
	jdk.debug = release
	jdk.serialFilter = maxbytes=10485760;maxdepth=128;maxarray=100000;maxrefs=300000
	kotlinx.coroutines.debug.enable.creation.stack.trace = false
	line.separator = 

	logging.configuration = file:/opt/wildfly/standalone/configuration/logging.properties
	module.path = /opt/wildfly/modules
	native.encoding = UTF-8
	org.jboss.boot.log.file = /opt/wildfly/standalone/log/server.log
	org.jboss.resolver.warning = true
	os.arch = amd64
	os.name = Linux
	os.version = 6.9.3-76060903-generic
	path.separator = :
	stderr.encoding = UTF-8
	stdout.encoding = UTF-8
	sun.arch.data.model = 64
	sun.boot.library.path = /usr/lib/jvm/java-21-openjdk-amd64/lib
	sun.cpu.endian = little
	sun.io.unicode.encoding = UnicodeLittle
	sun.java.command = /opt/wildfly/jboss-modules.jar -mp /opt/wildfly/modules org.jboss.as.standalone -Djboss.home.dir=/opt/wildfly -Djboss.server.base.dir=/opt/wildfly/standalone
	sun.java.launcher = SUN_STANDARD
	sun.jnu.encoding = UTF-8
	sun.management.compiler = HotSpot 64-Bit Tiered Compilers
	user.country = BR
	user.dir = /opt/wildfly/bin
	user.home = /home/rodrigo.lacan
	user.language = pt
	user.name = rodrigo.lacan
	user.timezone = America/Boa_Vista
2024-11-12 08:06:11,844 DEBUG [org.jboss.as.config] (MSC service thread 1-3) VM Arguments: -D[Standalone] -Djdk.serialFilter=maxbytes=10485760;maxdepth=128;maxarray=100000;maxrefs=300000 -agentlib:jdwp=transport=dt_socket,address=127.0.0.1:39373,suspend=y,server=n -javaagent:/home/rodrigo.lacan/.local/share/JetBrains/Toolbox/apps/intellij-idea-ultimate/plugins/java/lib/rt/debugger-agent.jar -Dkotlinx.coroutines.debug.enable.creation.stack.trace=false -Ddebugger.agent.enable.coroutines=true --add-exports=java.desktop/sun.awt=ALL-UNNAMED --add-exports=java.naming/com.sun.jndi.ldap=ALL-UNNAMED --add-exports=java.naming/com.sun.jndi.url.ldap=ALL-UNNAMED --add-exports=java.naming/com.sun.jndi.url.ldaps=ALL-UNNAMED --add-exports=jdk.naming.dns/com.sun.jndi.dns=ALL-UNNAMED --add-opens=java.base/java.lang=ALL-UNNAMED --add-opens=java.base/java.lang.invoke=ALL-UNNAMED --add-opens=java.base/java.lang.reflect=ALL-UNNAMED --add-opens=java.base/java.io=ALL-UNNAMED --add-opens=java.base/java.net=ALL-UNNAMED --add-opens=java.base/java.security=ALL-UNNAMED --add-opens=java.base/java.util=ALL-UNNAMED --add-opens=java.base/java.util.concurrent=ALL-UNNAMED --add-opens=java.management/javax.management=ALL-UNNAMED --add-opens=java.naming/javax.naming=ALL-UNNAMED -Djava.security.manager=allow -Dorg.jboss.boot.log.file=/opt/wildfly/standalone/log/server.log -Dlogging.configuration=file:/opt/wildfly/standalone/configuration/logging.properties 
2024-11-12 08:06:12,226 INFO  [org.wildfly.security] (Controller Boot Thread) ELY00001: WildFly Elytron version 2.5.0.Final
2024-11-12 08:06:12,456 INFO  [org.jboss.as.controller.management-deprecated] (Controller Boot Thread) WFLYCTL0028: Attribute 'realm' in the resource at address '/core-service=management/access=authorization/role-mapping=Deployer/include=user-api.sebrae@PoweUser' is deprecated, and may be removed in a future version. See the attribute description in the output of the read-resource-description operation to learn more about the deprecation.
2024-11-12 08:06:12,493 INFO  [org.jboss.as.server] (Controller Boot Thread) WFLYSRV0039: Creating http management service using socket-binding (management-http)
2024-11-12 08:06:12,501 INFO  [org.xnio] (MSC service thread 1-1) XNIO version 3.8.16.Final
2024-11-12 08:06:12,506 INFO  [org.xnio.nio] (MSC service thread 1-1) XNIO NIO Implementation Version 3.8.16.Final
2024-11-12 08:06:12,520 INFO  [org.jboss.as.clustering.infinispan] (ServerService Thread Pool -- 55) WFLYCLINF0001: Activating Infinispan subsystem.
2024-11-12 08:06:12,521 INFO  [org.wildfly.extension.health] (ServerService Thread Pool -- 54) WFLYHEALTH0001: Activating Base Health Subsystem
2024-11-12 08:06:12,521 INFO  [org.wildfly.extension.elytron.oidc._private] (ServerService Thread Pool -- 53) WFLYOIDC0001: Activating WildFly Elytron OIDC Subsystem
2024-11-12 08:06:12,525 INFO  [org.jboss.as.jaxrs] (ServerService Thread Pool -- 57) WFLYRS0016: RESTEasy version 6.2.9.Final
2024-11-12 08:06:12,525 INFO  [org.wildfly.extension.microprofile.config.smallrye] (ServerService Thread Pool -- 65) WFLYCONF0001: Activating MicroProfile Config Subsystem
2024-11-12 08:06:12,526 INFO  [org.jboss.as.jsf] (ServerService Thread Pool -- 62) WFLYJSF0007: Activated the following Jakarta Server Faces Implementations: [main]
2024-11-12 08:06:12,526 INFO  [org.wildfly.extension.microprofile.jwt.smallrye] (ServerService Thread Pool -- 66) WFLYJWT0001: Activating MicroProfile JWT Subsystem
2024-11-12 08:06:12,527 INFO  [org.wildfly.extension.metrics] (ServerService Thread Pool -- 64) WFLYMETRICS0001: Activating Base Metrics Subsystem
2024-11-12 08:06:12,529 INFO  [org.jboss.as.naming] (ServerService Thread Pool -- 67) WFLYNAM0001: Activating Naming Subsystem
2024-11-12 08:06:12,533 WARN  [org.jboss.as.txn] (ServerService Thread Pool -- 74) WFLYTX0013: The node-identifier attribute on the /subsystem=transactions is set to the default value. This is a danger for environments running multiple servers. Please make sure the attribute value is unique.
2024-11-12 08:06:12,536 INFO  [org.jboss.as.connector] (MSC service thread 1-4) WFLYJCA0009: Starting Jakarta Connectors Subsystem (WildFly/IronJacamar 3.0.9.Final)
2024-11-12 08:06:12,539 INFO  [org.wildfly.extension.io] (ServerService Thread Pool -- 56) WFLYIO001: Worker 'default' has auto-configured to 40 IO threads with 320 max task threads based on your 20 available processors
2024-11-12 08:06:12,540 INFO  [org.jboss.as.webservices] (ServerService Thread Pool -- 76) WFLYWS0002: Activating WebServices Extension
2024-11-12 08:06:12,555 INFO  [org.jboss.remoting] (MSC service thread 1-6) JBoss Remoting version 5.0.29.Final
2024-11-12 08:06:12,556 INFO  [org.jboss.as.connector.subsystems.datasources] (ServerService Thread Pool -- 44) WFLYJCA0004: Deploying JDBC-compliant driver class org.h2.Driver (version 2.2)
2024-11-12 08:06:12,562 INFO  [org.jboss.as.naming] (MSC service thread 1-3) WFLYNAM0003: Starting Naming Service
2024-11-12 08:06:12,564 INFO  [org.jboss.as.mail.extension] (MSC service thread 1-2) WFLYMAIL0001: Bound mail session [java:jboss/mail/Default]
2024-11-12 08:06:12,565 INFO  [org.jboss.as.connector.deployers.jdbc] (MSC service thread 1-3) WFLYJCA0018: Started Driver service with driver-name = h2
2024-11-12 08:06:12,570 INFO  [org.wildfly.extension.undertow] (MSC service thread 1-7) WFLYUT0003: Undertow 2.3.15.Final starting
2024-11-12 08:06:12,600 INFO  [org.jboss.as.connector.subsystems.datasources] (ServerService Thread Pool -- 44) WFLYJCA0004: Deploying JDBC-compliant driver class com.microsoft.sqlserver.jdbc.SQLServerDriver (version 12.8)
2024-11-12 08:06:12,601 INFO  [org.jboss.as.connector.deployers.jdbc] (MSC service thread 1-8) WFLYJCA0018: Started Driver service with driver-name = sqlserver
2024-11-12 08:06:12,607 INFO  [org.jboss.as.ejb3] (MSC service thread 1-3) WFLYEJB0481: Strict pool slsb-strict-max-pool is using a max instance size of 320 (per class), which is derived from thread worker pool sizing.
2024-11-12 08:06:12,607 INFO  [org.jboss.as.ejb3] (MSC service thread 1-7) WFLYEJB0482: Strict pool mdb-strict-max-pool is using a max instance size of 80 (per class), which is derived from the number of CPUs on this host.
2024-11-12 08:06:12,611 INFO  [org.wildfly.extension.undertow] (ServerService Thread Pool -- 75) WFLYUT0014: Creating file handler for path '/opt/wildfly/welcome-content' with options [directory-listing: 'false', follow-symlink: 'false', case-sensitive: 'true', safe-symlink-paths: '[]']
2024-11-12 08:06:12,615 INFO  [org.wildfly.extension.undertow] (MSC service thread 1-8) WFLYUT0012: Started server default-server.
2024-11-12 08:06:12,616 INFO  [org.wildfly.extension.undertow] (MSC service thread 1-1) Queuing requests.
2024-11-12 08:06:12,616 INFO  [org.wildfly.extension.undertow] (MSC service thread 1-1) WFLYUT0018: Host default-host starting
2024-11-12 08:06:12,656 INFO  [org.wildfly.extension.undertow] (MSC service thread 1-3) WFLYUT0006: Undertow HTTP listener default listening on [0:0:0:0:0:0:0:0]:8080
2024-11-12 08:06:12,694 INFO  [org.wildfly.extension.undertow] (MSC service thread 1-3) WFLYUT0006: Undertow HTTPS listener https listening on [0:0:0:0:0:0:0:0]:8443
2024-11-12 08:06:12,703 INFO  [org.jboss.as.ejb3] (MSC service thread 1-6) WFLYEJB0493: Jakarta Enterprise Beans subsystem suspension complete
2024-11-12 08:06:12,713 INFO  [org.jboss.as.server.deployment.scanner] (MSC service thread 1-5) WFLYDS0013: Started FileSystemDeploymentService for directory /opt/wildfly/standalone/deployments
2024-11-12 08:06:12,738 INFO  [org.jboss.as.connector.subsystems.datasources] (MSC service thread 1-8) WFLYJCA0001: Bound data source [java:/datasources/Intranet2013]
2024-11-12 08:06:12,738 INFO  [org.jboss.as.connector.subsystems.datasources] (MSC service thread 1-7) WFLYJCA0001: Bound data source [java:/datasources/AutomacaoHomolog]
2024-11-12 08:06:12,738 INFO  [org.jboss.as.connector.subsystems.datasources] (MSC service thread 1-8) WFLYJCA0001: Bound data source [java:/datasources/APISEBRAE]
2024-11-12 08:06:12,738 INFO  [org.jboss.as.connector.subsystems.datasources] (MSC service thread 1-7) WFLYJCA0001: Bound data source [java:/datasources/AutomacaoProducao]
2024-11-12 08:06:12,739 INFO  [org.jboss.as.connector.subsystems.datasources] (MSC service thread 1-8) WFLYJCA0001: Bound data source [java:jboss/datasources/ExampleDS]
2024-11-12 08:06:12,755 INFO  [org.jboss.ws.common.management] (MSC service thread 1-4) JBWS022052: Starting JBossWS 7.1.0.Final (Apache CXF 4.0.4) 
2024-11-12 08:06:12,825 INFO  [org.jboss.as.server] (Controller Boot Thread) WFLYSRV0212: Resuming server
2024-11-12 08:06:12,829 INFO  [org.jboss.as] (Controller Boot Thread) WFLYSRV0060: Http management interface listening on http://127.0.0.1:9990/management
2024-11-12 08:06:12,829 INFO  [org.jboss.as] (Controller Boot Thread) WFLYSRV0051: Admin console listening on http://127.0.0.1:9990
2024-11-12 08:06:12,830 INFO  [org.jboss.as] (Controller Boot Thread) WFLYSRV0025: WildFly 33.0.0.Final (WildFly Core 25.0.0.Final) started in 1685ms - Started 310 of 553 services (324 services are lazy, passive or on-demand) - Server configuration file in use: standalone.xml - Minimum feature stability level: community
2024-11-12 08:06:13,573 INFO  [org.jboss.as.server.deployment] (MSC service thread 1-8) WFLYSRV0027: Starting deployment of "sebrae-dev.war" (runtime-name: "sebrae-dev.war")
2024-11-12 08:06:15,815 WARN  [org.jboss.as.dependency.private] (MSC service thread 1-4) WFLYSRV0018: Deployment "deployment.sebrae-dev.war" is using a private module ("org.jboss.vfs") which may be changed or removed in future versions without notice.
2024-11-12 08:06:15,856 INFO  [org.jboss.weld.deployer] (MSC service thread 1-6) WFLYWELD0003: Processing weld deployment sebrae-dev.war
2024-11-12 08:06:15,912 INFO  [org.hibernate.validator.internal.util.Version] (MSC service thread 1-6) HV000001: Hibernate Validator 8.0.1.Final
2024-11-12 08:06:15,995 INFO  [org.springframework.data.jpa.repository.cdi.JpaRepositoryExtension] (MSC service thread 1-6) Activating CDI extension for Spring Data JPA repositories
2024-11-12 08:06:16,116 INFO  [org.jboss.as.connector.deployers.jdbc] (MSC service thread 1-6) WFLYJCA0004: Deploying JDBC-compliant driver class com.microsoft.sqlserver.jdbc.SQLServerDriver (version 12.6)
2024-11-12 08:06:16,131 INFO  [org.jboss.weld.Version] (MSC service thread 1-6) WELD-000900: 5.1.2 (Final)
2024-11-12 08:06:16,161 INFO  [org.jboss.as.connector.deployers.jdbc] (MSC service thread 1-7) WFLYJCA0018: Started Driver service with driver-name = sebrae-dev.war_com.microsoft.sqlserver.jdbc.SQLServerDriver_12_6
2024-11-12 08:06:16,243 INFO  [org.jboss.weld.Event] (MSC service thread 1-6) WELD-000411: Observer method [BackedAnnotatedMethod] protected org.springframework.data.repository.cdi.CdiRepositoryExtensionSupport.processAnnotatedType(@Observes ProcessAnnotatedType<X>) receives events for all annotated types. Consider restricting events using @WithAnnotations or a generic type with bounds.
2024-11-12 08:06:16,625 INFO  [io.undertow.servlet] (ServerService Thread Pool -- 20) 2 Spring WebApplicationInitializers detected on classpath
2024-11-12 08:13:42,798 ERROR [org.jboss.as.controller.management-operation] (External Management Request Threads -- 1) WFLYCTL0013: Operation ("test-connection-in-pool") failed - address: ([
    ("subsystem" => "datasources"),
    ("data-source" => "BDSebraeRRHomolog")
]) - failure description: "WFLYJCA0040: failed to invoke operation: java.lang.IllegalStateException: WFLYJCA0047: Connection is not valid Caused by: jakarta.resource.ResourceException: jakarta.resource.ResourceException: IJ031084: Unable to create connection Caused by: jakarta.resource.ResourceException: IJ031084: Unable to create connection Caused by: jakarta.resource.ResourceException: IJ031083: Wrong driver class [com.microsoft.sqlserver.jdbc.SQLServerDriver] for this connection URL [jdbc://10.23.4.85;databaseName=bd_sebraerr_HOMOLOG;encrypt=false]"
2024-11-12 08:14:26,286 ERROR [org.jboss.as.controller.management-operation] (External Management Request Threads -- 1) WFLYCTL0013: Operation ("test-connection-in-pool") failed - address: ([
    ("subsystem" => "datasources"),
    ("data-source" => "BDSebraeRRHomolog")
]) - failure description: "WFLYJCA0040: failed to invoke operation: java.lang.IllegalStateException: WFLYJCA0047: Connection is not valid Caused by: jakarta.resource.ResourceException: jakarta.resource.ResourceException: IJ031084: Unable to create connection Caused by: jakarta.resource.ResourceException: IJ031084: Unable to create connection Caused by: jakarta.resource.ResourceException: IJ031083: Wrong driver class [com.microsoft.sqlserver.jdbc.SQLServerDriver] for this connection URL [jdbc://10.23.4.85;databaseName=bd_sebraerr_HOMOLOG;encrypt=false]"
2024-11-12 08:15:44,591 ERROR [org.jboss.as.controller.management-operation] (External Management Request Threads -- 1) WFLYCTL0013: Operation ("test-connection-in-pool") failed - address: ([
    ("subsystem" => "datasources"),
    ("data-source" => "BDSebraeRRHomolog")
]) - failure description: "WFLYJCA0040: failed to invoke operation: java.lang.IllegalStateException: WFLYJCA0047: Connection is not valid Caused by: jakarta.resource.ResourceException: jakarta.resource.ResourceException: IJ031084: Unable to create connection Caused by: jakarta.resource.ResourceException: IJ031084: Unable to create connection Caused by: jakarta.resource.ResourceException: IJ031083: Wrong driver class [com.microsoft.sqlserver.jdbc.SQLServerDriver] for this connection URL [jdbc://10.23.4.85;databaseName=bd_sebraerr_HOMOLOG;encrypt=false]"
2024-11-12 08:16:13,614 INFO  [org.jboss.modules] (main) JBoss Modules version 2.1.5.Final
2024-11-12 08:16:13,920 INFO  [org.jboss.msc] (main) JBoss MSC version 1.5.5.Final
2024-11-12 08:16:13,925 INFO  [org.jboss.threads] (main) JBoss Threads version 2.4.0.Final
2024-11-12 08:16:13,981 INFO  [org.jboss.as] (MSC service thread 1-2) WFLYSRV0049: WildFly 33.0.0.Final (WildFly Core 25.0.0.Final) starting
2024-11-12 08:16:13,983 DEBUG [org.jboss.as.config] (MSC service thread 1-2) Configured system properties:
	[Standalone] = 
	debugger.agent.enable.coroutines = true
	file.encoding = UTF-8
	file.separator = /
	intellij.debug.agent = true
	java.class.path = /opt/wildfly/jboss-modules.jar
	java.class.version = 65.0
	java.home = /usr/lib/jvm/java-21-openjdk-amd64
	java.io.tmpdir = /tmp
	java.library.path = /usr/java/packages/lib:/usr/lib/x86_64-linux-gnu/jni:/lib/x86_64-linux-gnu:/usr/lib/x86_64-linux-gnu:/usr/lib/jni:/lib:/usr/lib
	java.runtime.name = OpenJDK Runtime Environment
	java.runtime.version = 21.0.4+7-Ubuntu-1ubuntu222.04
	java.security.manager = allow
	java.specification.name = Java Platform API Specification
	java.specification.vendor = Oracle Corporation
	java.specification.version = 21
	java.util.logging.manager = org.jboss.logmanager.LogManager
	java.vendor = Ubuntu
	java.vendor.url = https://ubuntu.com/
	java.vendor.url.bug = https://bugs.launchpad.net/ubuntu/+source/openjdk-21
	java.version = 21.0.4
	java.version.date = 2024-07-16
	java.vm.compressedOopsMode = Zero based
	java.vm.info = mixed mode, sharing
	java.vm.name = OpenJDK 64-Bit Server VM
	java.vm.specification.name = Java Virtual Machine Specification
	java.vm.specification.vendor = Oracle Corporation
	java.vm.specification.version = 21
	java.vm.vendor = Ubuntu
	java.vm.version = 21.0.4+7-Ubuntu-1ubuntu222.04
	javax.management.builder.initial = org.jboss.as.jmx.PluggableMBeanServerBuilder
	jboss.home.dir = /opt/wildfly
	jboss.host.name = sebrr07549
	jboss.modules.system.pkgs = com.intellij.rt
	jboss.node.name = sebrr07549
	jboss.qualified.host.name = sebrr07549
	jboss.server.base.dir = /opt/wildfly/standalone
	jboss.server.config.dir = /opt/wildfly/standalone/configuration
	jboss.server.data.dir = /opt/wildfly/standalone/data
	jboss.server.log.dir = /opt/wildfly/standalone/log
	jboss.server.name = sebrr07549
	jboss.server.persist.config = true
	jboss.server.temp.dir = /opt/wildfly/standalone/tmp
	jdk.debug = release
	jdk.serialFilter = maxbytes=10485760;maxdepth=128;maxarray=100000;maxrefs=300000
	kotlinx.coroutines.debug.enable.creation.stack.trace = false
	line.separator = 

	logging.configuration = file:/opt/wildfly/standalone/configuration/logging.properties
	module.path = /opt/wildfly/modules
	native.encoding = UTF-8
	org.jboss.boot.log.file = /opt/wildfly/standalone/log/server.log
	org.jboss.resolver.warning = true
	os.arch = amd64
	os.name = Linux
	os.version = 6.9.3-76060903-generic
	path.separator = :
	stderr.encoding = UTF-8
	stdout.encoding = UTF-8
	sun.arch.data.model = 64
	sun.boot.library.path = /usr/lib/jvm/java-21-openjdk-amd64/lib
	sun.cpu.endian = little
	sun.io.unicode.encoding = UnicodeLittle
	sun.java.command = /opt/wildfly/jboss-modules.jar -mp /opt/wildfly/modules org.jboss.as.standalone -Djboss.home.dir=/opt/wildfly -Djboss.server.base.dir=/opt/wildfly/standalone
	sun.java.launcher = SUN_STANDARD
	sun.jnu.encoding = UTF-8
	sun.management.compiler = HotSpot 64-Bit Tiered Compilers
	user.country = BR
	user.dir = /opt/wildfly/bin
	user.home = /home/rodrigo.lacan
	user.language = pt
	user.name = rodrigo.lacan
	user.timezone = America/Boa_Vista
2024-11-12 08:16:13,983 DEBUG [org.jboss.as.config] (MSC service thread 1-2) VM Arguments: -D[Standalone] -Djdk.serialFilter=maxbytes=10485760;maxdepth=128;maxarray=100000;maxrefs=300000 -agentlib:jdwp=transport=dt_socket,address=127.0.0.1:39373,suspend=y,server=n -javaagent:/home/rodrigo.lacan/.local/share/JetBrains/Toolbox/apps/intellij-idea-ultimate/plugins/java/lib/rt/debugger-agent.jar -Dkotlinx.coroutines.debug.enable.creation.stack.trace=false -Ddebugger.agent.enable.coroutines=true --add-exports=java.desktop/sun.awt=ALL-UNNAMED --add-exports=java.naming/com.sun.jndi.ldap=ALL-UNNAMED --add-exports=java.naming/com.sun.jndi.url.ldap=ALL-UNNAMED --add-exports=java.naming/com.sun.jndi.url.ldaps=ALL-UNNAMED --add-exports=jdk.naming.dns/com.sun.jndi.dns=ALL-UNNAMED --add-opens=java.base/java.lang=ALL-UNNAMED --add-opens=java.base/java.lang.invoke=ALL-UNNAMED --add-opens=java.base/java.lang.reflect=ALL-UNNAMED --add-opens=java.base/java.io=ALL-UNNAMED --add-opens=java.base/java.net=ALL-UNNAMED --add-opens=java.base/java.security=ALL-UNNAMED --add-opens=java.base/java.util=ALL-UNNAMED --add-opens=java.base/java.util.concurrent=ALL-UNNAMED --add-opens=java.management/javax.management=ALL-UNNAMED --add-opens=java.naming/javax.naming=ALL-UNNAMED -Djava.security.manager=allow -Dorg.jboss.boot.log.file=/opt/wildfly/standalone/log/server.log -Dlogging.configuration=file:/opt/wildfly/standalone/configuration/logging.properties 
2024-11-12 08:16:14,364 INFO  [org.wildfly.security] (Controller Boot Thread) ELY00001: WildFly Elytron version 2.5.0.Final
2024-11-12 08:16:14,606 INFO  [org.jboss.as.controller.management-deprecated] (Controller Boot Thread) WFLYCTL0028: Attribute 'realm' in the resource at address '/core-service=management/access=authorization/role-mapping=Deployer/include=user-api.sebrae@PoweUser' is deprecated, and may be removed in a future version. See the attribute description in the output of the read-resource-description operation to learn more about the deprecation.
2024-11-12 08:16:14,643 INFO  [org.jboss.as.server] (Controller Boot Thread) WFLYSRV0039: Creating http management service using socket-binding (management-http)
2024-11-12 08:16:14,651 INFO  [org.xnio] (MSC service thread 1-3) XNIO version 3.8.16.Final
2024-11-12 08:16:14,656 INFO  [org.xnio.nio] (MSC service thread 1-3) XNIO NIO Implementation Version 3.8.16.Final
2024-11-12 08:16:14,666 INFO  [org.wildfly.extension.elytron.oidc._private] (ServerService Thread Pool -- 53) WFLYOIDC0001: Activating WildFly Elytron OIDC Subsystem
2024-11-12 08:16:14,666 INFO  [org.jboss.as.clustering.infinispan] (ServerService Thread Pool -- 55) WFLYCLINF0001: Activating Infinispan subsystem.
2024-11-12 08:16:14,670 INFO  [org.wildfly.extension.health] (ServerService Thread Pool -- 54) WFLYHEALTH0001: Activating Base Health Subsystem
2024-11-12 08:16:14,670 INFO  [org.wildfly.extension.microprofile.jwt.smallrye] (ServerService Thread Pool -- 66) WFLYJWT0001: Activating MicroProfile JWT Subsystem
2024-11-12 08:16:14,670 INFO  [org.wildfly.extension.microprofile.config.smallrye] (ServerService Thread Pool -- 65) WFLYCONF0001: Activating MicroProfile Config Subsystem
2024-11-12 08:16:14,672 INFO  [org.jboss.as.jaxrs] (ServerService Thread Pool -- 57) WFLYRS0016: RESTEasy version 6.2.9.Final
2024-11-12 08:16:14,670 INFO  [org.jboss.as.naming] (ServerService Thread Pool -- 67) WFLYNAM0001: Activating Naming Subsystem
2024-11-12 08:16:14,673 WARN  [org.jboss.as.txn] (ServerService Thread Pool -- 74) WFLYTX0013: The node-identifier attribute on the /subsystem=transactions is set to the default value. This is a danger for environments running multiple servers. Please make sure the attribute value is unique.
2024-11-12 08:16:14,678 INFO  [org.jboss.as.jsf] (ServerService Thread Pool -- 62) WFLYJSF0007: Activated the following Jakarta Server Faces Implementations: [main]
2024-11-12 08:16:14,679 INFO  [org.jboss.as.connector] (MSC service thread 1-7) WFLYJCA0009: Starting Jakarta Connectors Subsystem (WildFly/IronJacamar 3.0.9.Final)
2024-11-12 08:16:14,680 INFO  [org.wildfly.extension.metrics] (ServerService Thread Pool -- 64) WFLYMETRICS0001: Activating Base Metrics Subsystem
2024-11-12 08:16:14,681 INFO  [org.jboss.as.webservices] (ServerService Thread Pool -- 76) WFLYWS0002: Activating WebServices Extension
2024-11-12 08:16:14,682 INFO  [org.wildfly.extension.io] (ServerService Thread Pool -- 56) WFLYIO001: Worker 'default' has auto-configured to 40 IO threads with 320 max task threads based on your 20 available processors
2024-11-12 08:16:14,693 INFO  [org.jboss.as.naming] (MSC service thread 1-8) WFLYNAM0003: Starting Naming Service
2024-11-12 08:16:14,695 INFO  [org.jboss.as.mail.extension] (MSC service thread 1-3) WFLYMAIL0001: Bound mail session [java:jboss/mail/Default]
2024-11-12 08:16:14,699 INFO  [org.jboss.as.connector.subsystems.datasources] (ServerService Thread Pool -- 44) WFLYJCA0004: Deploying JDBC-compliant driver class org.h2.Driver (version 2.2)
2024-11-12 08:16:14,702 INFO  [org.jboss.remoting] (MSC service thread 1-5) JBoss Remoting version 5.0.29.Final
2024-11-12 08:16:14,703 INFO  [org.jboss.as.connector.deployers.jdbc] (MSC service thread 1-8) WFLYJCA0018: Started Driver service with driver-name = h2
2024-11-12 08:16:14,706 INFO  [org.wildfly.extension.undertow] (MSC service thread 1-6) WFLYUT0003: Undertow 2.3.15.Final starting
2024-11-12 08:16:14,749 INFO  [org.jboss.as.ejb3] (MSC service thread 1-7) WFLYEJB0481: Strict pool slsb-strict-max-pool is using a max instance size of 320 (per class), which is derived from thread worker pool sizing.
2024-11-12 08:16:14,749 INFO  [org.jboss.as.ejb3] (MSC service thread 1-2) WFLYEJB0482: Strict pool mdb-strict-max-pool is using a max instance size of 80 (per class), which is derived from the number of CPUs on this host.
2024-11-12 08:16:14,749 INFO  [org.wildfly.extension.undertow] (ServerService Thread Pool -- 75) WFLYUT0014: Creating file handler for path '/opt/wildfly/welcome-content' with options [directory-listing: 'false', follow-symlink: 'false', case-sensitive: 'true', safe-symlink-paths: '[]']
2024-11-12 08:16:14,757 INFO  [org.wildfly.extension.undertow] (MSC service thread 1-2) WFLYUT0012: Started server default-server.
2024-11-12 08:16:14,759 INFO  [org.wildfly.extension.undertow] (MSC service thread 1-7) Queuing requests.
2024-11-12 08:16:14,761 INFO  [org.wildfly.extension.undertow] (MSC service thread 1-7) WFLYUT0018: Host default-host starting
2024-11-12 08:16:14,766 INFO  [org.jboss.as.connector.subsystems.datasources] (ServerService Thread Pool -- 44) WFLYJCA0004: Deploying JDBC-compliant driver class com.microsoft.sqlserver.jdbc.SQLServerDriver (version 12.8)
2024-11-12 08:16:14,767 INFO  [org.jboss.as.connector.deployers.jdbc] (MSC service thread 1-2) WFLYJCA0018: Started Driver service with driver-name = sqlserver
2024-11-12 08:16:14,804 INFO  [org.wildfly.extension.undertow] (MSC service thread 1-6) WFLYUT0006: Undertow HTTP listener default listening on [0:0:0:0:0:0:0:0]:8080
2024-11-12 08:16:14,829 INFO  [org.wildfly.extension.undertow] (MSC service thread 1-3) WFLYUT0006: Undertow HTTPS listener https listening on [0:0:0:0:0:0:0:0]:8443
2024-11-12 08:16:14,836 INFO  [org.jboss.as.ejb3] (MSC service thread 1-6) WFLYEJB0493: Jakarta Enterprise Beans subsystem suspension complete
2024-11-12 08:16:14,870 INFO  [org.jboss.as.server.deployment.scanner] (MSC service thread 1-7) WFLYDS0013: Started FileSystemDeploymentService for directory /opt/wildfly/standalone/deployments
2024-11-12 08:16:14,875 INFO  [org.jboss.as.connector.subsystems.datasources] (MSC service thread 1-1) WFLYJCA0001: Bound data source [java:/datasources/Intranet2013]
2024-11-12 08:16:14,876 INFO  [org.jboss.as.connector.subsystems.datasources] (MSC service thread 1-3) WFLYJCA0001: Bound data source [java:/datasources/APISEBRAE]
2024-11-12 08:16:14,876 INFO  [org.jboss.as.connector.subsystems.datasources] (MSC service thread 1-8) WFLYJCA0001: Bound data source [java:/datasources/AutomacaoHomolog]
2024-11-12 08:16:14,876 INFO  [org.jboss.as.connector.subsystems.datasources] (MSC service thread 1-1) WFLYJCA0001: Bound data source [java:/datasources/AutomacaoProducao]
2024-11-12 08:16:14,876 INFO  [org.jboss.as.connector.subsystems.datasources] (MSC service thread 1-3) WFLYJCA0001: Bound data source [java:/datasources/BDSebraeRR]
2024-11-12 08:16:14,876 INFO  [org.jboss.as.connector.subsystems.datasources] (MSC service thread 1-8) WFLYJCA0001: Bound data source [java:jboss/datasources/ExampleDS]
2024-11-12 08:16:14,907 INFO  [org.jboss.ws.common.management] (MSC service thread 1-7) JBWS022052: Starting JBossWS 7.1.0.Final (Apache CXF 4.0.4) 
2024-11-12 08:16:14,964 INFO  [org.jboss.as.server] (Controller Boot Thread) WFLYSRV0212: Resuming server
2024-11-12 08:16:14,967 INFO  [org.jboss.as] (Controller Boot Thread) WFLYSRV0060: Http management interface listening on http://127.0.0.1:9990/management
2024-11-12 08:16:14,967 INFO  [org.jboss.as] (Controller Boot Thread) WFLYSRV0051: Admin console listening on http://127.0.0.1:9990
2024-11-12 08:16:14,969 INFO  [org.jboss.as] (Controller Boot Thread) WFLYSRV0025: WildFly 33.0.0.Final (WildFly Core 25.0.0.Final) started in 1693ms - Started 317 of 560 services (325 services are lazy, passive or on-demand) - Server configuration file in use: standalone.xml - Minimum feature stability level: community
2024-11-12 08:16:15,709 INFO  [org.jboss.as.server.deployment] (MSC service thread 1-2) WFLYSRV0027: Starting deployment of "sebrae-dev.war" (runtime-name: "sebrae-dev.war")
2024-11-12 08:16:17,993 WARN  [org.jboss.as.dependency.private] (MSC service thread 1-2) WFLYSRV0018: Deployment "deployment.sebrae-dev.war" is using a private module ("org.jboss.vfs") which may be changed or removed in future versions without notice.
2024-11-12 08:16:18,035 INFO  [org.jboss.weld.deployer] (MSC service thread 1-5) WFLYWELD0003: Processing weld deployment sebrae-dev.war
2024-11-12 08:16:18,095 INFO  [org.hibernate.validator.internal.util.Version] (MSC service thread 1-5) HV000001: Hibernate Validator 8.0.1.Final
2024-11-12 08:16:18,173 INFO  [org.springframework.data.jpa.repository.cdi.JpaRepositoryExtension] (MSC service thread 1-5) Activating CDI extension for Spring Data JPA repositories
2024-11-12 08:16:18,286 INFO  [org.jboss.as.connector.deployers.jdbc] (MSC service thread 1-8) WFLYJCA0004: Deploying JDBC-compliant driver class com.microsoft.sqlserver.jdbc.SQLServerDriver (version 12.6)
2024-11-12 08:16:18,302 INFO  [org.jboss.weld.Version] (MSC service thread 1-8) WELD-000900: 5.1.2 (Final)
2024-11-12 08:16:18,331 INFO  [org.jboss.as.connector.deployers.jdbc] (MSC service thread 1-3) WFLYJCA0018: Started Driver service with driver-name = sebrae-dev.war_com.microsoft.sqlserver.jdbc.SQLServerDriver_12_6
2024-11-12 08:16:18,429 INFO  [org.jboss.weld.Event] (MSC service thread 1-7) WELD-000411: Observer method [BackedAnnotatedMethod] protected org.springframework.data.repository.cdi.CdiRepositoryExtensionSupport.processAnnotatedType(@Observes ProcessAnnotatedType<X>) receives events for all annotated types. Consider restricting events using @WithAnnotations or a generic type with bounds.
2024-11-12 08:16:18,793 INFO  [io.undertow.servlet] (ServerService Thread Pool -- 2) 2 Spring WebApplicationInitializers detected on classpath
2024-11-12 08:42:31,258 ERROR [org.jboss.as.controller.management-operation] (External Management Request Threads -- 2) WFLYCTL0013: Operation ("test-connection-in-pool") failed - address: ([
    ("subsystem" => "datasources"),
    ("data-source" => "Intranet2013Dev")
]) - failure description: "WFLYJCA0040: failed to invoke operation: java.lang.IllegalStateException: WFLYJCA0047: Connection is not valid Caused by: jakarta.resource.ResourceException: jakarta.resource.ResourceException: IJ031084: Unable to create connection Caused by: jakarta.resource.ResourceException: IJ031084: Unable to create connection Caused by: com.microsoft.sqlserver.jdbc.SQLServerException: Falha de logon do usuário 'api.rr'. ClientConnectionId:a35ab8f2-efcf-4af6-b1b9-0e7c2d4a5aca"
2024-11-12 08:43:16,918 ERROR [org.jboss.as.controller.management-operation] (External Management Request Threads -- 2) WFLYCTL0013: Operation ("test-connection-in-pool") failed - address: ([
    ("subsystem" => "datasources"),
    ("data-source" => "Intranet2013Dev")
]) - failure description: "WFLYJCA0040: failed to invoke operation: java.lang.IllegalStateException: WFLYJCA0047: Connection is not valid Caused by: jakarta.resource.ResourceException: jakarta.resource.ResourceException: IJ031084: Unable to create connection Caused by: jakarta.resource.ResourceException: IJ031084: Unable to create connection Caused by: com.microsoft.sqlserver.jdbc.SQLServerException: Falha de logon do usuário 'api.rr'. ClientConnectionId:a1843ade-ee57-4b24-94a9-9d84c21f4929"
2024-11-12 08:43:44,999 INFO  [org.jboss.modules] (main) JBoss Modules version 2.1.5.Final
2024-11-12 08:43:45,307 INFO  [org.jboss.msc] (main) JBoss MSC version 1.5.5.Final
2024-11-12 08:43:45,312 INFO  [org.jboss.threads] (main) JBoss Threads version 2.4.0.Final
2024-11-12 08:43:45,385 INFO  [org.jboss.as] (MSC service thread 1-1) WFLYSRV0049: WildFly 33.0.0.Final (WildFly Core 25.0.0.Final) starting
2024-11-12 08:43:45,386 DEBUG [org.jboss.as.config] (MSC service thread 1-1) Configured system properties:
	[Standalone] = 
	debugger.agent.enable.coroutines = true
	file.encoding = UTF-8
	file.separator = /
	intellij.debug.agent = true
	java.class.path = /opt/wildfly/jboss-modules.jar
	java.class.version = 65.0
	java.home = /usr/lib/jvm/java-21-openjdk-amd64
	java.io.tmpdir = /tmp
	java.library.path = /usr/java/packages/lib:/usr/lib/x86_64-linux-gnu/jni:/lib/x86_64-linux-gnu:/usr/lib/x86_64-linux-gnu:/usr/lib/jni:/lib:/usr/lib
	java.runtime.name = OpenJDK Runtime Environment
	java.runtime.version = 21.0.4+7-Ubuntu-1ubuntu222.04
	java.security.manager = allow
	java.specification.name = Java Platform API Specification
	java.specification.vendor = Oracle Corporation
	java.specification.version = 21
	java.util.logging.manager = org.jboss.logmanager.LogManager
	java.vendor = Ubuntu
	java.vendor.url = https://ubuntu.com/
	java.vendor.url.bug = https://bugs.launchpad.net/ubuntu/+source/openjdk-21
	java.version = 21.0.4
	java.version.date = 2024-07-16
	java.vm.compressedOopsMode = Zero based
	java.vm.info = mixed mode, sharing
	java.vm.name = OpenJDK 64-Bit Server VM
	java.vm.specification.name = Java Virtual Machine Specification
	java.vm.specification.vendor = Oracle Corporation
	java.vm.specification.version = 21
	java.vm.vendor = Ubuntu
	java.vm.version = 21.0.4+7-Ubuntu-1ubuntu222.04
	javax.management.builder.initial = org.jboss.as.jmx.PluggableMBeanServerBuilder
	jboss.home.dir = /opt/wildfly
	jboss.host.name = sebrr07549
	jboss.modules.system.pkgs = com.intellij.rt
	jboss.node.name = sebrr07549
	jboss.qualified.host.name = sebrr07549
	jboss.server.base.dir = /opt/wildfly/standalone
	jboss.server.config.dir = /opt/wildfly/standalone/configuration
	jboss.server.data.dir = /opt/wildfly/standalone/data
	jboss.server.log.dir = /opt/wildfly/standalone/log
	jboss.server.name = sebrr07549
	jboss.server.persist.config = true
	jboss.server.temp.dir = /opt/wildfly/standalone/tmp
	jdk.debug = release
	jdk.serialFilter = maxbytes=10485760;maxdepth=128;maxarray=100000;maxrefs=300000
	kotlinx.coroutines.debug.enable.creation.stack.trace = false
	line.separator = 

	logging.configuration = file:/opt/wildfly/standalone/configuration/logging.properties
	module.path = /opt/wildfly/modules
	native.encoding = UTF-8
	org.jboss.boot.log.file = /opt/wildfly/standalone/log/server.log
	org.jboss.resolver.warning = true
	os.arch = amd64
	os.name = Linux
	os.version = 6.9.3-76060903-generic
	path.separator = :
	stderr.encoding = UTF-8
	stdout.encoding = UTF-8
	sun.arch.data.model = 64
	sun.boot.library.path = /usr/lib/jvm/java-21-openjdk-amd64/lib
	sun.cpu.endian = little
	sun.io.unicode.encoding = UnicodeLittle
	sun.java.command = /opt/wildfly/jboss-modules.jar -mp /opt/wildfly/modules org.jboss.as.standalone -Djboss.home.dir=/opt/wildfly -Djboss.server.base.dir=/opt/wildfly/standalone
	sun.java.launcher = SUN_STANDARD
	sun.jnu.encoding = UTF-8
	sun.management.compiler = HotSpot 64-Bit Tiered Compilers
	user.country = BR
	user.dir = /opt/wildfly/bin
	user.home = /home/rodrigo.lacan
	user.language = pt
	user.name = rodrigo.lacan
	user.timezone = America/Boa_Vista
2024-11-12 08:43:45,386 DEBUG [org.jboss.as.config] (MSC service thread 1-1) VM Arguments: -D[Standalone] -Djdk.serialFilter=maxbytes=10485760;maxdepth=128;maxarray=100000;maxrefs=300000 -agentlib:jdwp=transport=dt_socket,address=127.0.0.1:39373,suspend=y,server=n -javaagent:/home/rodrigo.lacan/.local/share/JetBrains/Toolbox/apps/intellij-idea-ultimate/plugins/java/lib/rt/debugger-agent.jar -Dkotlinx.coroutines.debug.enable.creation.stack.trace=false -Ddebugger.agent.enable.coroutines=true --add-exports=java.desktop/sun.awt=ALL-UNNAMED --add-exports=java.naming/com.sun.jndi.ldap=ALL-UNNAMED --add-exports=java.naming/com.sun.jndi.url.ldap=ALL-UNNAMED --add-exports=java.naming/com.sun.jndi.url.ldaps=ALL-UNNAMED --add-exports=jdk.naming.dns/com.sun.jndi.dns=ALL-UNNAMED --add-opens=java.base/java.lang=ALL-UNNAMED --add-opens=java.base/java.lang.invoke=ALL-UNNAMED --add-opens=java.base/java.lang.reflect=ALL-UNNAMED --add-opens=java.base/java.io=ALL-UNNAMED --add-opens=java.base/java.net=ALL-UNNAMED --add-opens=java.base/java.security=ALL-UNNAMED --add-opens=java.base/java.util=ALL-UNNAMED --add-opens=java.base/java.util.concurrent=ALL-UNNAMED --add-opens=java.management/javax.management=ALL-UNNAMED --add-opens=java.naming/javax.naming=ALL-UNNAMED -Djava.security.manager=allow -Dorg.jboss.boot.log.file=/opt/wildfly/standalone/log/server.log -Dlogging.configuration=file:/opt/wildfly/standalone/configuration/logging.properties 
2024-11-12 08:43:45,815 INFO  [org.wildfly.security] (Controller Boot Thread) ELY00001: WildFly Elytron version 2.5.0.Final
2024-11-12 08:43:46,046 INFO  [org.jboss.as.controller.management-deprecated] (Controller Boot Thread) WFLYCTL0028: Attribute 'realm' in the resource at address '/core-service=management/access=authorization/role-mapping=Deployer/include=user-api.sebrae@PoweUser' is deprecated, and may be removed in a future version. See the attribute description in the output of the read-resource-description operation to learn more about the deprecation.
2024-11-12 08:43:46,083 INFO  [org.jboss.as.server] (Controller Boot Thread) WFLYSRV0039: Creating http management service using socket-binding (management-http)
2024-11-12 08:43:46,091 INFO  [org.xnio] (MSC service thread 1-7) XNIO version 3.8.16.Final
2024-11-12 08:43:46,097 INFO  [org.xnio.nio] (MSC service thread 1-7) XNIO NIO Implementation Version 3.8.16.Final
2024-11-12 08:43:46,108 INFO  [org.wildfly.extension.elytron.oidc._private] (ServerService Thread Pool -- 53) WFLYOIDC0001: Activating WildFly Elytron OIDC Subsystem
2024-11-12 08:43:46,107 INFO  [org.jboss.as.clustering.infinispan] (ServerService Thread Pool -- 55) WFLYCLINF0001: Activating Infinispan subsystem.
2024-11-12 08:43:46,111 INFO  [org.wildfly.extension.health] (ServerService Thread Pool -- 54) WFLYHEALTH0001: Activating Base Health Subsystem
2024-11-12 08:43:46,113 WARN  [org.jboss.as.txn] (ServerService Thread Pool -- 74) WFLYTX0013: The node-identifier attribute on the /subsystem=transactions is set to the default value. This is a danger for environments running multiple servers. Please make sure the attribute value is unique.
2024-11-12 08:43:46,115 INFO  [org.wildfly.extension.microprofile.jwt.smallrye] (ServerService Thread Pool -- 66) WFLYJWT0001: Activating MicroProfile JWT Subsystem
2024-11-12 08:43:46,115 INFO  [org.wildfly.extension.microprofile.config.smallrye] (ServerService Thread Pool -- 65) WFLYCONF0001: Activating MicroProfile Config Subsystem
2024-11-12 08:43:46,115 INFO  [org.jboss.as.jaxrs] (ServerService Thread Pool -- 57) WFLYRS0016: RESTEasy version 6.2.9.Final
2024-11-12 08:43:46,116 INFO  [org.jboss.as.naming] (ServerService Thread Pool -- 67) WFLYNAM0001: Activating Naming Subsystem
2024-11-12 08:43:46,122 INFO  [org.jboss.as.webservices] (ServerService Thread Pool -- 76) WFLYWS0002: Activating WebServices Extension
2024-11-12 08:43:46,120 INFO  [org.jboss.as.jsf] (ServerService Thread Pool -- 62) WFLYJSF0007: Activated the following Jakarta Server Faces Implementations: [main]
2024-11-12 08:43:46,122 INFO  [org.wildfly.extension.metrics] (ServerService Thread Pool -- 64) WFLYMETRICS0001: Activating Base Metrics Subsystem
2024-11-12 08:43:46,125 INFO  [org.jboss.as.connector] (MSC service thread 1-1) WFLYJCA0009: Starting Jakarta Connectors Subsystem (WildFly/IronJacamar 3.0.9.Final)
2024-11-12 08:43:46,131 INFO  [org.wildfly.extension.io] (ServerService Thread Pool -- 56) WFLYIO001: Worker 'default' has auto-configured to 40 IO threads with 320 max task threads based on your 20 available processors
2024-11-12 08:43:46,146 INFO  [org.wildfly.extension.undertow] (MSC service thread 1-8) WFLYUT0003: Undertow 2.3.15.Final starting
2024-11-12 08:43:46,147 INFO  [org.jboss.as.naming] (MSC service thread 1-6) WFLYNAM0003: Starting Naming Service
2024-11-12 08:43:46,147 INFO  [org.jboss.as.connector.subsystems.datasources] (ServerService Thread Pool -- 44) WFLYJCA0004: Deploying JDBC-compliant driver class org.h2.Driver (version 2.2)
2024-11-12 08:43:46,148 INFO  [org.jboss.as.mail.extension] (MSC service thread 1-6) WFLYMAIL0001: Bound mail session [java:jboss/mail/Default]
2024-11-12 08:43:46,149 INFO  [org.jboss.as.connector.deployers.jdbc] (MSC service thread 1-8) WFLYJCA0018: Started Driver service with driver-name = h2
2024-11-12 08:43:46,150 INFO  [org.jboss.remoting] (MSC service thread 1-5) JBoss Remoting version 5.0.29.Final
2024-11-12 08:43:46,175 INFO  [org.wildfly.extension.undertow] (ServerService Thread Pool -- 75) WFLYUT0014: Creating file handler for path '/opt/wildfly/welcome-content' with options [directory-listing: 'false', follow-symlink: 'false', case-sensitive: 'true', safe-symlink-paths: '[]']
2024-11-12 08:43:46,185 INFO  [org.wildfly.extension.undertow] (MSC service thread 1-6) WFLYUT0012: Started server default-server.
2024-11-12 08:43:46,186 INFO  [org.wildfly.extension.undertow] (MSC service thread 1-2) Queuing requests.
2024-11-12 08:43:46,187 INFO  [org.wildfly.extension.undertow] (MSC service thread 1-2) WFLYUT0018: Host default-host starting
2024-11-12 08:43:46,193 INFO  [org.jboss.as.ejb3] (MSC service thread 1-5) WFLYEJB0481: Strict pool slsb-strict-max-pool is using a max instance size of 320 (per class), which is derived from thread worker pool sizing.
2024-11-12 08:43:46,193 INFO  [org.jboss.as.ejb3] (MSC service thread 1-3) WFLYEJB0482: Strict pool mdb-strict-max-pool is using a max instance size of 80 (per class), which is derived from the number of CPUs on this host.
2024-11-12 08:43:46,212 INFO  [org.jboss.as.connector.subsystems.datasources] (ServerService Thread Pool -- 44) WFLYJCA0004: Deploying JDBC-compliant driver class com.microsoft.sqlserver.jdbc.SQLServerDriver (version 12.8)
2024-11-12 08:43:46,213 INFO  [org.jboss.as.connector.deployers.jdbc] (MSC service thread 1-5) WFLYJCA0018: Started Driver service with driver-name = sqlserver
2024-11-12 08:43:46,237 INFO  [org.wildfly.extension.undertow] (MSC service thread 1-6) WFLYUT0006: Undertow HTTP listener default listening on [0:0:0:0:0:0:0:0]:8080
2024-11-12 08:43:46,282 INFO  [org.wildfly.extension.undertow] (MSC service thread 1-8) WFLYUT0006: Undertow HTTPS listener https listening on [0:0:0:0:0:0:0:0]:8443
2024-11-12 08:43:46,282 INFO  [org.jboss.as.ejb3] (MSC service thread 1-8) WFLYEJB0493: Jakarta Enterprise Beans subsystem suspension complete
2024-11-12 08:43:46,325 INFO  [org.jboss.as.server.deployment.scanner] (MSC service thread 1-6) WFLYDS0013: Started FileSystemDeploymentService for directory /opt/wildfly/standalone/deployments
2024-11-12 08:43:46,325 INFO  [org.jboss.as.connector.subsystems.datasources] (MSC service thread 1-2) WFLYJCA0001: Bound data source [java:/datasources/CorporeRM]
2024-11-12 08:43:46,326 INFO  [org.jboss.as.connector.subsystems.datasources] (MSC service thread 1-8) WFLYJCA0001: Bound data source [java:/datasources/Intranet2013Dev]
2024-11-12 08:43:46,326 INFO  [org.jboss.as.connector.subsystems.datasources] (MSC service thread 1-2) WFLYJCA0001: Bound data source [java:/datasources/DBECommerceHomolog]
2024-11-12 08:43:46,326 INFO  [org.jboss.as.connector.subsystems.datasources] (MSC service thread 1-8) WFLYJCA0001: Bound data source [java:/datasources/CorporeRMBI]
2024-11-12 08:43:46,326 INFO  [org.jboss.as.connector.subsystems.datasources] (MSC service thread 1-2) WFLYJCA0001: Bound data source [java:/datasources/AutomacaoHomolog]
2024-11-12 08:43:46,326 INFO  [org.jboss.as.connector.subsystems.datasources] (MSC service thread 1-8) WFLYJCA0001: Bound data source [java:/datasources/DBECommerce]
2024-11-12 08:43:46,326 INFO  [org.jboss.as.connector.subsystems.datasources] (MSC service thread 1-8) WFLYJCA0001: Bound data source [java:/datasources/ConsultoriaDB]
2024-11-12 08:43:46,326 INFO  [org.jboss.as.connector.subsystems.datasources] (MSC service thread 1-6) WFLYJCA0001: Bound data source [java:/datasources/APISEBRAE]
2024-11-12 08:43:46,326 INFO  [org.jboss.as.connector.subsystems.datasources] (MSC service thread 1-6) WFLYJCA0001: Bound data source [java:/datasources/EmpretecDigital]
2024-11-12 08:43:46,327 INFO  [org.jboss.as.connector.subsystems.datasources] (MSC service thread 1-6) WFLYJCA0001: Bound data source [java:/datasources/CRM]
2024-11-12 08:43:46,326 INFO  [org.jboss.as.connector.subsystems.datasources] (MSC service thread 1-2) WFLYJCA0001: Bound data source [java:/datasources/BDSebraeRR]
2024-11-12 08:43:46,326 INFO  [org.jboss.as.connector.subsystems.datasources] (MSC service thread 1-5) WFLYJCA0001: Bound data source [java:/datasources/CorporeRMTeste]
2024-11-12 08:43:46,327 INFO  [org.jboss.as.connector.subsystems.datasources] (MSC service thread 1-4) WFLYJCA0001: Bound data source [java:jboss/datasources/ExampleDS]
2024-11-12 08:43:46,327 INFO  [org.jboss.as.connector.subsystems.datasources] (MSC service thread 1-2) WFLYJCA0001: Bound data source [java:/datasources/Checkin]
2024-11-12 08:43:46,327 INFO  [org.jboss.as.connector.subsystems.datasources] (MSC service thread 1-1) WFLYJCA0001: Bound data source [java:/datasources/AutomacaoProducao]
2024-11-12 08:43:46,327 INFO  [org.jboss.as.connector.subsystems.datasources] (MSC service thread 1-1) WFLYJCA0001: Bound data source [java:/datasources/DEV]
2024-11-12 08:43:46,327 INFO  [org.jboss.as.connector.subsystems.datasources] (MSC service thread 1-7) WFLYJCA0001: Bound data source [java:/datasources/Intranet2013]
2024-11-12 08:43:46,327 INFO  [org.jboss.as.connector.subsystems.datasources] (MSC service thread 1-5) WFLYJCA0001: Bound data source [java:/datasources/Eventos]
2024-11-12 08:43:46,378 INFO  [org.jboss.ws.common.management] (MSC service thread 1-2) JBWS022052: Starting JBossWS 7.1.0.Final (Apache CXF 4.0.4) 
2024-11-12 08:43:46,450 INFO  [org.jboss.as.server] (Controller Boot Thread) WFLYSRV0212: Resuming server
2024-11-12 08:43:46,453 INFO  [org.jboss.as] (Controller Boot Thread) WFLYSRV0060: Http management interface listening on http://127.0.0.1:9990/management
2024-11-12 08:43:46,453 INFO  [org.jboss.as] (Controller Boot Thread) WFLYSRV0051: Admin console listening on http://127.0.0.1:9990
2024-11-12 08:43:46,456 INFO  [org.jboss.as] (Controller Boot Thread) WFLYSRV0025: WildFly 33.0.0.Final (WildFly Core 25.0.0.Final) started in 1777ms - Started 401 of 644 services (337 services are lazy, passive or on-demand) - Server configuration file in use: standalone.xml - Minimum feature stability level: community
2024-11-12 08:43:47,109 INFO  [org.jboss.as.server.deployment] (MSC service thread 1-5) WFLYSRV0027: Starting deployment of "sebrae-dev.war" (runtime-name: "sebrae-dev.war")
2024-11-12 08:43:49,420 WARN  [org.jboss.as.dependency.private] (MSC service thread 1-6) WFLYSRV0018: Deployment "deployment.sebrae-dev.war" is using a private module ("org.jboss.vfs") which may be changed or removed in future versions without notice.
2024-11-12 08:43:49,457 INFO  [org.jboss.weld.deployer] (MSC service thread 1-6) WFLYWELD0003: Processing weld deployment sebrae-dev.war
2024-11-12 08:43:49,513 INFO  [org.hibernate.validator.internal.util.Version] (MSC service thread 1-6) HV000001: Hibernate Validator 8.0.1.Final
2024-11-12 08:43:49,596 INFO  [org.springframework.data.jpa.repository.cdi.JpaRepositoryExtension] (MSC service thread 1-6) Activating CDI extension for Spring Data JPA repositories
2024-11-12 08:43:49,708 INFO  [org.jboss.as.connector.deployers.jdbc] (MSC service thread 1-1) WFLYJCA0004: Deploying JDBC-compliant driver class com.microsoft.sqlserver.jdbc.SQLServerDriver (version 12.6)
2024-11-12 08:43:49,724 INFO  [org.jboss.weld.Version] (MSC service thread 1-1) WELD-000900: 5.1.2 (Final)
2024-11-12 08:43:49,760 INFO  [org.jboss.as.connector.deployers.jdbc] (MSC service thread 1-7) WFLYJCA0018: Started Driver service with driver-name = sebrae-dev.war_com.microsoft.sqlserver.jdbc.SQLServerDriver_12_6
2024-11-12 08:43:49,849 INFO  [org.jboss.weld.Event] (MSC service thread 1-8) WELD-000411: Observer method [BackedAnnotatedMethod] protected org.springframework.data.repository.cdi.CdiRepositoryExtensionSupport.processAnnotatedType(@Observes ProcessAnnotatedType<X>) receives events for all annotated types. Consider restricting events using @WithAnnotations or a generic type with bounds.
2024-11-12 08:43:50,263 INFO  [io.undertow.servlet] (ServerService Thread Pool -- 23) 2 Spring WebApplicationInitializers detected on classpath
2024-11-12 08:45:57,669 ERROR [org.jboss.as.controller.management-operation] (External Management Request Threads -- 1) WFLYCTL0013: Operation ("test-connection-in-pool") failed - address: ([
    ("subsystem" => "datasources"),
    ("data-source" => "Intranet2013Dev")
]) - failure description: "WFLYJCA0040: failed to invoke operation: java.lang.IllegalStateException: WFLYJCA0047: Connection is not valid Caused by: jakarta.resource.ResourceException: jakarta.resource.ResourceException: IJ031084: Unable to create connection Caused by: jakarta.resource.ResourceException: IJ031084: Unable to create connection Caused by: com.microsoft.sqlserver.jdbc.SQLServerException: Falha de logon do usuário 'api.rr'. ClientConnectionId:7bd4bf74-9fb4-457e-9efb-0bac2851f84e"
2024-11-12 08:49:50,835 INFO  [org.jboss.modules] (main) JBoss Modules version 2.1.5.Final
2024-11-12 08:49:51,135 INFO  [org.jboss.msc] (main) JBoss MSC version 1.5.5.Final
2024-11-12 08:49:51,139 INFO  [org.jboss.threads] (main) JBoss Threads version 2.4.0.Final
2024-11-12 08:49:51,196 INFO  [org.jboss.as] (MSC service thread 1-2) WFLYSRV0049: WildFly 33.0.0.Final (WildFly Core 25.0.0.Final) starting
2024-11-12 08:49:51,197 DEBUG [org.jboss.as.config] (MSC service thread 1-2) Configured system properties:
	[Standalone] = 
	debugger.agent.enable.coroutines = true
	file.encoding = UTF-8
	file.separator = /
	intellij.debug.agent = true
	java.class.path = /opt/wildfly/jboss-modules.jar
	java.class.version = 65.0
	java.home = /usr/lib/jvm/java-21-openjdk-amd64
	java.io.tmpdir = /tmp
	java.library.path = /usr/java/packages/lib:/usr/lib/x86_64-linux-gnu/jni:/lib/x86_64-linux-gnu:/usr/lib/x86_64-linux-gnu:/usr/lib/jni:/lib:/usr/lib
	java.runtime.name = OpenJDK Runtime Environment
	java.runtime.version = 21.0.4+7-Ubuntu-1ubuntu222.04
	java.security.manager = allow
	java.specification.name = Java Platform API Specification
	java.specification.vendor = Oracle Corporation
	java.specification.version = 21
	java.util.logging.manager = org.jboss.logmanager.LogManager
	java.vendor = Ubuntu
	java.vendor.url = https://ubuntu.com/
	java.vendor.url.bug = https://bugs.launchpad.net/ubuntu/+source/openjdk-21
	java.version = 21.0.4
	java.version.date = 2024-07-16
	java.vm.compressedOopsMode = Zero based
	java.vm.info = mixed mode, sharing
	java.vm.name = OpenJDK 64-Bit Server VM
	java.vm.specification.name = Java Virtual Machine Specification
	java.vm.specification.vendor = Oracle Corporation
	java.vm.specification.version = 21
	java.vm.vendor = Ubuntu
	java.vm.version = 21.0.4+7-Ubuntu-1ubuntu222.04
	javax.management.builder.initial = org.jboss.as.jmx.PluggableMBeanServerBuilder
	jboss.home.dir = /opt/wildfly
	jboss.host.name = sebrr07549
	jboss.modules.system.pkgs = com.intellij.rt
	jboss.node.name = sebrr07549
	jboss.qualified.host.name = sebrr07549
	jboss.server.base.dir = /opt/wildfly/standalone
	jboss.server.config.dir = /opt/wildfly/standalone/configuration
	jboss.server.data.dir = /opt/wildfly/standalone/data
	jboss.server.log.dir = /opt/wildfly/standalone/log
	jboss.server.name = sebrr07549
	jboss.server.persist.config = true
	jboss.server.temp.dir = /opt/wildfly/standalone/tmp
	jdk.debug = release
	jdk.serialFilter = maxbytes=10485760;maxdepth=128;maxarray=100000;maxrefs=300000
	kotlinx.coroutines.debug.enable.creation.stack.trace = false
	line.separator = 

	logging.configuration = file:/opt/wildfly/standalone/configuration/logging.properties
	module.path = /opt/wildfly/modules
	native.encoding = UTF-8
	org.jboss.boot.log.file = /opt/wildfly/standalone/log/server.log
	org.jboss.resolver.warning = true
	os.arch = amd64
	os.name = Linux
	os.version = 6.9.3-76060903-generic
	path.separator = :
	stderr.encoding = UTF-8
	stdout.encoding = UTF-8
	sun.arch.data.model = 64
	sun.boot.library.path = /usr/lib/jvm/java-21-openjdk-amd64/lib
	sun.cpu.endian = little
	sun.io.unicode.encoding = UnicodeLittle
	sun.java.command = /opt/wildfly/jboss-modules.jar -mp /opt/wildfly/modules org.jboss.as.standalone -Djboss.home.dir=/opt/wildfly -Djboss.server.base.dir=/opt/wildfly/standalone
	sun.java.launcher = SUN_STANDARD
	sun.jnu.encoding = UTF-8
	sun.management.compiler = HotSpot 64-Bit Tiered Compilers
	user.country = BR
	user.dir = /opt/wildfly/bin
	user.home = /home/rodrigo.lacan
	user.language = pt
	user.name = rodrigo.lacan
	user.timezone = America/Boa_Vista
2024-11-12 08:49:51,197 DEBUG [org.jboss.as.config] (MSC service thread 1-2) VM Arguments: -D[Standalone] -Djdk.serialFilter=maxbytes=10485760;maxdepth=128;maxarray=100000;maxrefs=300000 -agentlib:jdwp=transport=dt_socket,address=127.0.0.1:39373,suspend=y,server=n -javaagent:/home/rodrigo.lacan/.local/share/JetBrains/Toolbox/apps/intellij-idea-ultimate/plugins/java/lib/rt/debugger-agent.jar -Dkotlinx.coroutines.debug.enable.creation.stack.trace=false -Ddebugger.agent.enable.coroutines=true --add-exports=java.desktop/sun.awt=ALL-UNNAMED --add-exports=java.naming/com.sun.jndi.ldap=ALL-UNNAMED --add-exports=java.naming/com.sun.jndi.url.ldap=ALL-UNNAMED --add-exports=java.naming/com.sun.jndi.url.ldaps=ALL-UNNAMED --add-exports=jdk.naming.dns/com.sun.jndi.dns=ALL-UNNAMED --add-opens=java.base/java.lang=ALL-UNNAMED --add-opens=java.base/java.lang.invoke=ALL-UNNAMED --add-opens=java.base/java.lang.reflect=ALL-UNNAMED --add-opens=java.base/java.io=ALL-UNNAMED --add-opens=java.base/java.net=ALL-UNNAMED --add-opens=java.base/java.security=ALL-UNNAMED --add-opens=java.base/java.util=ALL-UNNAMED --add-opens=java.base/java.util.concurrent=ALL-UNNAMED --add-opens=java.management/javax.management=ALL-UNNAMED --add-opens=java.naming/javax.naming=ALL-UNNAMED -Djava.security.manager=allow -Dorg.jboss.boot.log.file=/opt/wildfly/standalone/log/server.log -Dlogging.configuration=file:/opt/wildfly/standalone/configuration/logging.properties 
2024-11-12 08:49:51,591 INFO  [org.wildfly.security] (Controller Boot Thread) ELY00001: WildFly Elytron version 2.5.0.Final
2024-11-12 08:49:51,815 INFO  [org.jboss.as.controller.management-deprecated] (Controller Boot Thread) WFLYCTL0028: Attribute 'realm' in the resource at address '/core-service=management/access=authorization/role-mapping=Deployer/include=user-api.sebrae@PoweUser' is deprecated, and may be removed in a future version. See the attribute description in the output of the read-resource-description operation to learn more about the deprecation.
2024-11-12 08:49:51,852 INFO  [org.jboss.as.server] (Controller Boot Thread) WFLYSRV0039: Creating http management service using socket-binding (management-http)
2024-11-12 08:49:51,858 INFO  [org.xnio] (MSC service thread 1-5) XNIO version 3.8.16.Final
2024-11-12 08:49:51,861 INFO  [org.xnio.nio] (MSC service thread 1-5) XNIO NIO Implementation Version 3.8.16.Final
2024-11-12 08:49:51,873 INFO  [org.wildfly.extension.elytron.oidc._private] (ServerService Thread Pool -- 53) WFLYOIDC0001: Activating WildFly Elytron OIDC Subsystem
2024-11-12 08:49:51,875 INFO  [org.jboss.as.clustering.infinispan] (ServerService Thread Pool -- 55) WFLYCLINF0001: Activating Infinispan subsystem.
2024-11-12 08:49:51,876 INFO  [org.wildfly.extension.health] (ServerService Thread Pool -- 54) WFLYHEALTH0001: Activating Base Health Subsystem
2024-11-12 08:49:51,876 INFO  [org.wildfly.extension.microprofile.config.smallrye] (ServerService Thread Pool -- 65) WFLYCONF0001: Activating MicroProfile Config Subsystem
2024-11-12 08:49:51,878 INFO  [org.wildfly.extension.microprofile.jwt.smallrye] (ServerService Thread Pool -- 66) WFLYJWT0001: Activating MicroProfile JWT Subsystem
2024-11-12 08:49:51,879 WARN  [org.jboss.as.txn] (ServerService Thread Pool -- 74) WFLYTX0013: The node-identifier attribute on the /subsystem=transactions is set to the default value. This is a danger for environments running multiple servers. Please make sure the attribute value is unique.
2024-11-12 08:49:51,880 INFO  [org.jboss.as.jsf] (ServerService Thread Pool -- 62) WFLYJSF0007: Activated the following Jakarta Server Faces Implementations: [main]
2024-11-12 08:49:51,881 INFO  [org.jboss.as.naming] (ServerService Thread Pool -- 67) WFLYNAM0001: Activating Naming Subsystem
2024-11-12 08:49:51,881 INFO  [org.jboss.as.jaxrs] (ServerService Thread Pool -- 57) WFLYRS0016: RESTEasy version 6.2.9.Final
2024-11-12 08:49:51,882 INFO  [org.wildfly.extension.metrics] (ServerService Thread Pool -- 64) WFLYMETRICS0001: Activating Base Metrics Subsystem
2024-11-12 08:49:51,885 INFO  [org.jboss.as.webservices] (ServerService Thread Pool -- 76) WFLYWS0002: Activating WebServices Extension
2024-11-12 08:49:51,893 INFO  [org.wildfly.extension.io] (ServerService Thread Pool -- 56) WFLYIO001: Worker 'default' has auto-configured to 40 IO threads with 320 max task threads based on your 20 available processors
2024-11-12 08:49:51,894 INFO  [org.jboss.as.connector] (MSC service thread 1-2) WFLYJCA0009: Starting Jakarta Connectors Subsystem (WildFly/IronJacamar 3.0.9.Final)
2024-11-12 08:49:51,894 INFO  [org.jboss.remoting] (MSC service thread 1-5) JBoss Remoting version 5.0.29.Final
2024-11-12 08:49:51,906 INFO  [org.jboss.as.naming] (MSC service thread 1-3) WFLYNAM0003: Starting Naming Service
2024-11-12 08:49:51,909 INFO  [org.jboss.as.mail.extension] (MSC service thread 1-2) WFLYMAIL0001: Bound mail session [java:jboss/mail/Default]
2024-11-12 08:49:51,911 INFO  [org.wildfly.extension.undertow] (MSC service thread 1-6) WFLYUT0003: Undertow 2.3.15.Final starting
2024-11-12 08:49:51,913 INFO  [org.jboss.as.connector.subsystems.datasources] (ServerService Thread Pool -- 44) WFLYJCA0004: Deploying JDBC-compliant driver class org.h2.Driver (version 2.2)
2024-11-12 08:49:51,915 INFO  [org.jboss.as.connector.deployers.jdbc] (MSC service thread 1-8) WFLYJCA0018: Started Driver service with driver-name = h2
2024-11-12 08:49:51,946 INFO  [org.wildfly.extension.undertow] (ServerService Thread Pool -- 75) WFLYUT0014: Creating file handler for path '/opt/wildfly/welcome-content' with options [directory-listing: 'false', follow-symlink: 'false', case-sensitive: 'true', safe-symlink-paths: '[]']
2024-11-12 08:49:51,948 INFO  [org.jboss.as.ejb3] (MSC service thread 1-8) WFLYEJB0481: Strict pool slsb-strict-max-pool is using a max instance size of 320 (per class), which is derived from thread worker pool sizing.
2024-11-12 08:49:51,948 INFO  [org.jboss.as.ejb3] (MSC service thread 1-7) WFLYEJB0482: Strict pool mdb-strict-max-pool is using a max instance size of 80 (per class), which is derived from the number of CPUs on this host.
2024-11-12 08:49:51,952 INFO  [org.wildfly.extension.undertow] (MSC service thread 1-4) WFLYUT0012: Started server default-server.
2024-11-12 08:49:51,954 INFO  [org.wildfly.extension.undertow] (MSC service thread 1-5) Queuing requests.
2024-11-12 08:49:51,955 INFO  [org.wildfly.extension.undertow] (MSC service thread 1-5) WFLYUT0018: Host default-host starting
2024-11-12 08:49:51,969 INFO  [org.jboss.as.connector.subsystems.datasources] (ServerService Thread Pool -- 44) WFLYJCA0004: Deploying JDBC-compliant driver class com.microsoft.sqlserver.jdbc.SQLServerDriver (version 12.8)
2024-11-12 08:49:51,970 INFO  [org.jboss.as.connector.deployers.jdbc] (MSC service thread 1-5) WFLYJCA0018: Started Driver service with driver-name = sqlserver
2024-11-12 08:49:51,999 INFO  [org.wildfly.extension.undertow] (MSC service thread 1-7) WFLYUT0006: Undertow HTTP listener default listening on [0:0:0:0:0:0:0:0]:8080
2024-11-12 08:49:52,030 INFO  [org.jboss.as.ejb3] (MSC service thread 1-7) WFLYEJB0493: Jakarta Enterprise Beans subsystem suspension complete
2024-11-12 08:49:52,038 INFO  [org.wildfly.extension.undertow] (MSC service thread 1-6) WFLYUT0006: Undertow HTTPS listener https listening on [0:0:0:0:0:0:0:0]:8443
2024-11-12 08:49:52,079 INFO  [org.jboss.as.connector.subsystems.datasources] (MSC service thread 1-8) WFLYJCA0001: Bound data source [java:/datasources/CorporeRMTeste]
2024-11-12 08:49:52,079 INFO  [org.jboss.as.connector.subsystems.datasources] (MSC service thread 1-3) WFLYJCA0001: Bound data source [java:/datasources/Intranet2013]
2024-11-12 08:49:52,080 INFO  [org.jboss.as.connector.subsystems.datasources] (MSC service thread 1-8) WFLYJCA0001: Bound data source [java:/datasources/CRM]
2024-11-12 08:49:52,080 INFO  [org.jboss.as.connector.subsystems.datasources] (MSC service thread 1-3) WFLYJCA0001: Bound data source [java:/datasources/AutomacaoProducao]
2024-11-12 08:49:52,080 INFO  [org.jboss.as.connector.subsystems.datasources] (MSC service thread 1-8) WFLYJCA0001: Bound data source [java:/datasources/Checkin]
2024-11-12 08:49:52,080 INFO  [org.jboss.as.connector.subsystems.datasources] (MSC service thread 1-3) WFLYJCA0001: Bound data source [java:/datasources/AutomacaoHomolog]
2024-11-12 08:49:52,080 INFO  [org.jboss.as.connector.subsystems.datasources] (MSC service thread 1-1) WFLYJCA0001: Bound data source [java:/datasources/CorporeRMBI]
2024-11-12 08:49:52,080 INFO  [org.jboss.as.connector.subsystems.datasources] (MSC service thread 1-5) WFLYJCA0001: Bound data source [java:/datasources/Eventos]
2024-11-12 08:49:52,081 INFO  [org.jboss.as.connector.subsystems.datasources] (MSC service thread 1-5) WFLYJCA0001: Bound data source [java:/datasources/APISEBRAE]
2024-11-12 08:49:52,081 INFO  [org.jboss.as.connector.subsystems.datasources] (MSC service thread 1-2) WFLYJCA0001: Bound data source [java:/datasources/ConsultoriaDB]
2024-11-12 08:49:52,081 INFO  [org.jboss.as.connector.subsystems.datasources] (MSC service thread 1-5) WFLYJCA0001: Bound data source [java:/datasources/EmpretecDigital]
2024-11-12 08:49:52,081 INFO  [org.jboss.as.connector.subsystems.datasources] (MSC service thread 1-2) WFLYJCA0001: Bound data source [java:/datasources/DBECommerceHomolog]
2024-11-12 08:49:52,081 INFO  [org.jboss.as.connector.subsystems.datasources] (MSC service thread 1-5) WFLYJCA0001: Bound data source [java:/datasources/CorporeRM]
2024-11-12 08:49:52,081 INFO  [org.jboss.as.connector.subsystems.datasources] (MSC service thread 1-4) WFLYJCA0001: Bound data source [java:/datasources/BDSebraeRR]
2024-11-12 08:49:52,081 INFO  [org.jboss.as.connector.subsystems.datasources] (MSC service thread 1-2) WFLYJCA0001: Bound data source [java:/datasources/DEV]
2024-11-12 08:49:52,081 INFO  [org.jboss.as.connector.subsystems.datasources] (MSC service thread 1-5) WFLYJCA0001: Bound data source [java:/datasources/DBECommerce]
2024-11-12 08:49:52,081 INFO  [org.jboss.as.connector.subsystems.datasources] (MSC service thread 1-2) WFLYJCA0001: Bound data source [java:jboss/datasources/ExampleDS]
2024-11-12 08:49:52,083 INFO  [org.jboss.as.server.deployment.scanner] (MSC service thread 1-4) WFLYDS0013: Started FileSystemDeploymentService for directory /opt/wildfly/standalone/deployments
2024-11-12 08:49:52,138 INFO  [org.jboss.ws.common.management] (MSC service thread 1-4) JBWS022052: Starting JBossWS 7.1.0.Final (Apache CXF 4.0.4) 
2024-11-12 08:49:52,243 INFO  [org.jboss.as.server] (Controller Boot Thread) WFLYSRV0212: Resuming server
2024-11-12 08:49:52,248 INFO  [org.jboss.as] (Controller Boot Thread) WFLYSRV0060: Http management interface listening on http://127.0.0.1:9990/management
2024-11-12 08:49:52,249 INFO  [org.jboss.as] (Controller Boot Thread) WFLYSRV0051: Admin console listening on http://127.0.0.1:9990
2024-11-12 08:49:52,253 INFO  [org.jboss.as] (Controller Boot Thread) WFLYSRV0025: WildFly 33.0.0.Final (WildFly Core 25.0.0.Final) started in 1737ms - Started 394 of 637 services (336 services are lazy, passive or on-demand) - Server configuration file in use: standalone.xml - Minimum feature stability level: community
2024-11-12 08:49:53,002 INFO  [org.jboss.as.server.deployment] (MSC service thread 1-4) WFLYSRV0027: Starting deployment of "sebrae-dev.war" (runtime-name: "sebrae-dev.war")
2024-11-12 08:49:55,368 WARN  [org.jboss.as.dependency.private] (MSC service thread 1-3) WFLYSRV0018: Deployment "deployment.sebrae-dev.war" is using a private module ("org.jboss.vfs") which may be changed or removed in future versions without notice.
2024-11-12 08:49:55,408 INFO  [org.jboss.weld.deployer] (MSC service thread 1-8) WFLYWELD0003: Processing weld deployment sebrae-dev.war
2024-11-12 08:49:55,461 INFO  [org.hibernate.validator.internal.util.Version] (MSC service thread 1-8) HV000001: Hibernate Validator 8.0.1.Final
2024-11-12 08:49:55,542 INFO  [org.springframework.data.jpa.repository.cdi.JpaRepositoryExtension] (MSC service thread 1-8) Activating CDI extension for Spring Data JPA repositories
2024-11-12 08:49:55,650 INFO  [org.jboss.as.connector.deployers.jdbc] (MSC service thread 1-3) WFLYJCA0004: Deploying JDBC-compliant driver class com.microsoft.sqlserver.jdbc.SQLServerDriver (version 12.6)
2024-11-12 08:49:55,666 INFO  [org.jboss.weld.Version] (MSC service thread 1-3) WELD-000900: 5.1.2 (Final)
2024-11-12 08:49:55,695 INFO  [org.jboss.as.connector.deployers.jdbc] (MSC service thread 1-2) WFLYJCA0018: Started Driver service with driver-name = sebrae-dev.war_com.microsoft.sqlserver.jdbc.SQLServerDriver_12_6
2024-11-12 08:49:55,793 INFO  [org.jboss.weld.Event] (MSC service thread 1-4) WELD-000411: Observer method [BackedAnnotatedMethod] protected org.springframework.data.repository.cdi.CdiRepositoryExtensionSupport.processAnnotatedType(@Observes ProcessAnnotatedType<X>) receives events for all annotated types. Consider restricting events using @WithAnnotations or a generic type with bounds.
2024-11-12 08:49:56,171 INFO  [io.undertow.servlet] (ServerService Thread Pool -- 16) 2 Spring WebApplicationInitializers detected on classpath
